<?xml version="1.0" encoding="UTF-8"?>
<!-- Generated by org.testng.reporters.JUnitReportReporter -->
<testsuite hostname="DAN" failures="0" tests="2" name="org.testcases.VtLoginPage" time="53.831" errors="0" timestamp="2023-08-28T17:03:56 IST" skipped="0">
  <testcase classname="org.testcases.VtLoginPage" name="varifyLoginPageFields" time="23.734"/>
  <system-out/>
  <testcase classname="org.testcases.VtLoginPage" name="vtlogintestcase" time="30.097"/>
  <system-out/>
</testsuite> <!-- org.testcases.VtLoginPage -->
