<?xml version="1.0" encoding="UTF-8"?>
<!-- Generated by org.testng.reporters.JUnitReportReporter -->
<testsuite hostname="DAN" failures="0" tests="2" name="org.testcases.OpenCartLoginTC" time="17.954" errors="0" timestamp="2023-09-01T20:07:57 IST" skipped="0">
  <testcase classname="org.testcases.OpenCartLoginTC" name="verifyLoginPageFields" time="8.924"/>
  <system-out/>
  <testcase classname="org.testcases.OpenCartLoginTC" name="loginTestCase" time="9.030"/>
  <system-out/>
</testsuite> <!-- org.testcases.OpenCartLoginTC -->
