<?xml version="1.0" encoding="UTF-8"?>
<!-- Generated by org.testng.reporters.JUnitReportReporter -->
<testsuite hostname="DAN" failures="0" tests="1" name="org.testcases.SearchProductTestCase" time="3.417" errors="0" timestamp="2023-09-01T18:43:20 IST" skipped="0">
  <testcase classname="org.testcases.SearchProductTestCase" name="searchProductTc" time="3.417"/>
  <system-out/>
</testsuite> <!-- org.testcases.SearchProductTestCase -->
