<?xml version="1.0" encoding="UTF-8"?>
<!-- Generated by org.testng.reporters.JUnitReportReporter -->
<testsuite hostname="DAN" failures="0" tests="2" name="org.testcases.OpenCartTestCase" time="20.973" errors="0" timestamp="2023-08-31T19:17:57 IST" skipped="0">
  <testcase classname="org.testcases.OpenCartTestCase" name="verifyLoginPageFields" time="12.206"/>
  <system-out/>
  <testcase classname="org.testcases.OpenCartTestCase" name="loginTestCase" time="8.767"/>
  <system-out/>
</testsuite> <!-- org.testcases.OpenCartTestCase -->
