<?xml version="1.0" encoding="UTF-8"?>
<!-- Generated by org.testng.reporters.JUnitReportReporter -->
<testsuite hostname="DAN" failures="0" tests="1" name="org.testcases.SearchProductTestCase" time="1.706" errors="0" timestamp="2023-09-01T20:07:57 IST" skipped="0">
  <testcase classname="org.testcases.SearchProductTestCase" name="searchProductTc" time="1.706"/>
  <system-out/>
</testsuite> <!-- org.testcases.SearchProductTestCase -->
